2022-10-21T02:27:16+00:00	file-myapp.log	{"lvl":"info","@timestamp":"2022-10-21T10:27:03.293+0800","msg":"shutting down server","signal":"interrupt","host_param":"d2ff5ed3e10e"}
2022-10-21T02:27:16+00:00	file-myapp.log	{"lvl":"info","@timestamp":"2022-10-21T10:27:03.294+0800","msg":"completing background tasks","host_param":"d2ff5ed3e10e"}
2022-10-21T02:27:16+00:00	file-myapp.log	{"lvl":"info","@timestamp":"2022-10-21T10:27:03.294+0800","msg":"stopped server","addr":":8081","host_param":"d2ff5ed3e10e"}
2022-10-21T02:27:16+00:00	file-myapp.log	{"lvl":"info","@timestamp":"2022-10-21T10:27:04.805+0800","msg":"starting server","addr":":8081","env":"dev","host_param":"d2ff5ed3e10e"}
2022-10-21T02:28:20+00:00	file-myapp.log	{"lvl":"info","@timestamp":"2022-10-21T10:27:35.630+0800","msg":"request started","path":"/user","request_id":"55a9f4d6-9165-44a7-8545-9e6dc0f7eab9","trace_id":"4e8a566982bb0a596086111c0070e7c9","client_id":"","source_ip":"","host_param":"d2ff5ed3e10e"}
2022-10-21T02:28:20+00:00	file-myapp.log	{"lvl":"info","@timestamp":"2022-10-21T10:27:35.639+0800","msg":"request completed","path":"/user","request_id":"55a9f4d6-9165-44a7-8545-9e6dc0f7eab9","trace_id":"4e8a566982bb0a596086111c0070e7c9","client_id":"","source_ip":"","latency":"9.178583ms","status":200,"size":519,"host_param":"d2ff5ed3e10e"}
2022-10-21T02:28:20+00:00	file-myapp.log	{"lvl":"info","@timestamp":"2022-10-21T10:27:35.958+0800","msg":"request started","path":"/user","request_id":"ebb897fe-565f-4696-bb3d-33e8504a68ac","trace_id":"e645dfc5a85589cb83a150408d46e78f","client_id":"","source_ip":"","host_param":"d2ff5ed3e10e"}
2022-10-21T02:28:20+00:00	file-myapp.log	{"lvl":"info","@timestamp":"2022-10-21T10:27:35.961+0800","msg":"request completed","path":"/user","request_id":"ebb897fe-565f-4696-bb3d-33e8504a68ac","trace_id":"e645dfc5a85589cb83a150408d46e78f","client_id":"","source_ip":"","latency":"2.93775ms","status":200,"size":519,"host_param":"d2ff5ed3e10e"}
2022-10-21T02:28:20+00:00	file-myapp.log	{"lvl":"info","@timestamp":"2022-10-21T10:27:36.360+0800","msg":"request started","path":"/user","request_id":"2ca3c6c2-0a8b-420a-9eb4-3dd05c6108b0","trace_id":"2173e61fad636165a42bb66f3e09e8f5","client_id":"","source_ip":"","host_param":"d2ff5ed3e10e"}
2022-10-21T02:28:20+00:00	file-myapp.log	{"lvl":"info","@timestamp":"2022-10-21T10:27:36.364+0800","msg":"request completed","path":"/user","request_id":"2ca3c6c2-0a8b-420a-9eb4-3dd05c6108b0","trace_id":"2173e61fad636165a42bb66f3e09e8f5","client_id":"","source_ip":"","latency":"4.253417ms","status":200,"size":519,"host_param":"d2ff5ed3e10e"}
2022-10-21T02:28:20+00:00	file-myapp.log	{"lvl":"info","@timestamp":"2022-10-21T10:27:36.693+0800","msg":"request started","path":"/user","request_id":"ff2378ad-b4ca-4c16-94f2-99e04ab787ac","trace_id":"4fd26a688ac7152cb169e6d2dbeacc5d","client_id":"","source_ip":"","host_param":"d2ff5ed3e10e"}
2022-10-21T02:28:20+00:00	file-myapp.log	{"lvl":"info","@timestamp":"2022-10-21T10:27:36.696+0800","msg":"request completed","path":"/user","request_id":"ff2378ad-b4ca-4c16-94f2-99e04ab787ac","trace_id":"4fd26a688ac7152cb169e6d2dbeacc5d","client_id":"","source_ip":"","latency":"2.707375ms","status":200,"size":519,"host_param":"d2ff5ed3e10e"}
2022-10-21T02:28:20+00:00	file-myapp.log	{"lvl":"info","@timestamp":"2022-10-21T10:27:37.287+0800","msg":"request started","path":"/user","request_id":"3e371c15-f133-4037-b3c2-4c08e6b00cbc","trace_id":"cc27703bd77f6c1716f1cd2bdc490d9f","client_id":"","source_ip":"","host_param":"d2ff5ed3e10e"}
2022-10-21T02:28:20+00:00	file-myapp.log	{"lvl":"info","@timestamp":"2022-10-21T10:27:37.290+0800","msg":"request completed","path":"/user","request_id":"3e371c15-f133-4037-b3c2-4c08e6b00cbc","trace_id":"cc27703bd77f6c1716f1cd2bdc490d9f","client_id":"","source_ip":"","latency":"2.980125ms","status":200,"size":519,"host_param":"d2ff5ed3e10e"}
2022-10-21T02:28:20+00:00	file-myapp.log	{"lvl":"info","@timestamp":"2022-10-21T10:27:37.712+0800","msg":"request started","path":"/user","request_id":"70aa9caf-a0b0-4e71-87d1-08c04187807d","trace_id":"394f87ce6c99a554fe6cbf07a8bb95cd","client_id":"","source_ip":"","host_param":"d2ff5ed3e10e"}
2022-10-21T02:28:20+00:00	file-myapp.log	{"lvl":"info","@timestamp":"2022-10-21T10:27:37.716+0800","msg":"request completed","path":"/user","request_id":"70aa9caf-a0b0-4e71-87d1-08c04187807d","trace_id":"394f87ce6c99a554fe6cbf07a8bb95cd","client_id":"","source_ip":"","latency":"3.276542ms","status":200,"size":519,"host_param":"d2ff5ed3e10e"}
2022-10-21T02:28:59+00:00	file-myapp.log	{"lvl":"info","@timestamp":"2022-10-21T10:27:03.293+0800","msg":"shutting down server","signal":"interrupt","host_param":"08edce80e726"}
2022-10-21T02:28:59+00:00	file-myapp.log	{"lvl":"info","@timestamp":"2022-10-21T10:27:03.294+0800","msg":"completing background tasks","host_param":"08edce80e726"}
2022-10-21T02:28:59+00:00	file-myapp.log	{"lvl":"info","@timestamp":"2022-10-21T10:27:03.294+0800","msg":"stopped server","addr":":8081","host_param":"08edce80e726"}
2022-10-21T02:28:59+00:00	file-myapp.log	{"lvl":"info","@timestamp":"2022-10-21T10:27:04.805+0800","msg":"starting server","addr":":8081","env":"dev","host_param":"08edce80e726"}
2022-10-21T02:28:59+00:00	file-myapp.log	{"lvl":"info","@timestamp":"2022-10-21T10:27:35.630+0800","msg":"request started","path":"/user","request_id":"55a9f4d6-9165-44a7-8545-9e6dc0f7eab9","trace_id":"4e8a566982bb0a596086111c0070e7c9","client_id":"","source_ip":"","host_param":"08edce80e726"}
2022-10-21T02:28:59+00:00	file-myapp.log	{"lvl":"info","@timestamp":"2022-10-21T10:27:35.639+0800","msg":"request completed","path":"/user","request_id":"55a9f4d6-9165-44a7-8545-9e6dc0f7eab9","trace_id":"4e8a566982bb0a596086111c0070e7c9","client_id":"","source_ip":"","latency":"9.178583ms","status":200,"size":519,"host_param":"08edce80e726"}
2022-10-21T02:28:59+00:00	file-myapp.log	{"lvl":"info","@timestamp":"2022-10-21T10:27:35.958+0800","msg":"request started","path":"/user","request_id":"ebb897fe-565f-4696-bb3d-33e8504a68ac","trace_id":"e645dfc5a85589cb83a150408d46e78f","client_id":"","source_ip":"","host_param":"08edce80e726"}
2022-10-21T02:28:59+00:00	file-myapp.log	{"lvl":"info","@timestamp":"2022-10-21T10:27:35.961+0800","msg":"request completed","path":"/user","request_id":"ebb897fe-565f-4696-bb3d-33e8504a68ac","trace_id":"e645dfc5a85589cb83a150408d46e78f","client_id":"","source_ip":"","latency":"2.93775ms","status":200,"size":519,"host_param":"08edce80e726"}
2022-10-21T02:28:59+00:00	file-myapp.log	{"lvl":"info","@timestamp":"2022-10-21T10:27:36.360+0800","msg":"request started","path":"/user","request_id":"2ca3c6c2-0a8b-420a-9eb4-3dd05c6108b0","trace_id":"2173e61fad636165a42bb66f3e09e8f5","client_id":"","source_ip":"","host_param":"08edce80e726"}
2022-10-21T02:28:59+00:00	file-myapp.log	{"lvl":"info","@timestamp":"2022-10-21T10:27:36.364+0800","msg":"request completed","path":"/user","request_id":"2ca3c6c2-0a8b-420a-9eb4-3dd05c6108b0","trace_id":"2173e61fad636165a42bb66f3e09e8f5","client_id":"","source_ip":"","latency":"4.253417ms","status":200,"size":519,"host_param":"08edce80e726"}
2022-10-21T02:28:59+00:00	file-myapp.log	{"lvl":"info","@timestamp":"2022-10-21T10:27:36.693+0800","msg":"request started","path":"/user","request_id":"ff2378ad-b4ca-4c16-94f2-99e04ab787ac","trace_id":"4fd26a688ac7152cb169e6d2dbeacc5d","client_id":"","source_ip":"","host_param":"08edce80e726"}
2022-10-21T02:28:59+00:00	file-myapp.log	{"lvl":"info","@timestamp":"2022-10-21T10:27:36.696+0800","msg":"request completed","path":"/user","request_id":"ff2378ad-b4ca-4c16-94f2-99e04ab787ac","trace_id":"4fd26a688ac7152cb169e6d2dbeacc5d","client_id":"","source_ip":"","latency":"2.707375ms","status":200,"size":519,"host_param":"08edce80e726"}
2022-10-21T02:28:59+00:00	file-myapp.log	{"lvl":"info","@timestamp":"2022-10-21T10:27:37.287+0800","msg":"request started","path":"/user","request_id":"3e371c15-f133-4037-b3c2-4c08e6b00cbc","trace_id":"cc27703bd77f6c1716f1cd2bdc490d9f","client_id":"","source_ip":"","host_param":"08edce80e726"}
2022-10-21T02:28:59+00:00	file-myapp.log	{"lvl":"info","@timestamp":"2022-10-21T10:27:37.290+0800","msg":"request completed","path":"/user","request_id":"3e371c15-f133-4037-b3c2-4c08e6b00cbc","trace_id":"cc27703bd77f6c1716f1cd2bdc490d9f","client_id":"","source_ip":"","latency":"2.980125ms","status":200,"size":519,"host_param":"08edce80e726"}
2022-10-21T02:28:59+00:00	file-myapp.log	{"lvl":"info","@timestamp":"2022-10-21T10:27:37.712+0800","msg":"request started","path":"/user","request_id":"70aa9caf-a0b0-4e71-87d1-08c04187807d","trace_id":"394f87ce6c99a554fe6cbf07a8bb95cd","client_id":"","source_ip":"","host_param":"08edce80e726"}
2022-10-21T02:28:59+00:00	file-myapp.log	{"lvl":"info","@timestamp":"2022-10-21T10:27:37.716+0800","msg":"request completed","path":"/user","request_id":"70aa9caf-a0b0-4e71-87d1-08c04187807d","trace_id":"394f87ce6c99a554fe6cbf07a8bb95cd","client_id":"","source_ip":"","latency":"3.276542ms","status":200,"size":519,"host_param":"08edce80e726"}
2022-10-21T02:30:15+00:00	file-myapp.log	{"lvl":"info","@timestamp":"2022-10-21T10:29:17.028+0800","msg":"request started","path":"/user","request_id":"1dcc655e-11a2-4e1d-ad38-98c10dc00b36","trace_id":"72c33f842de186b12c2b696f938d2769","client_id":"","source_ip":"","host_param":"08edce80e726"}
2022-10-21T02:30:15+00:00	file-myapp.log	{"lvl":"info","@timestamp":"2022-10-21T10:29:17.037+0800","msg":"request completed","path":"/user","request_id":"1dcc655e-11a2-4e1d-ad38-98c10dc00b36","trace_id":"72c33f842de186b12c2b696f938d2769","client_id":"","source_ip":"","latency":"8.615167ms","status":200,"size":519,"host_param":"08edce80e726"}
2022-10-21T02:30:15+00:00	file-myapp.log	{"lvl":"info","@timestamp":"2022-10-21T10:29:17.368+0800","msg":"request started","path":"/user","request_id":"57010f7d-a501-4e58-99c2-2395438ece59","trace_id":"1af6ca3fae545142c4746f5860c95cc0","client_id":"","source_ip":"","host_param":"08edce80e726"}
2022-10-21T02:30:15+00:00	file-myapp.log	{"lvl":"info","@timestamp":"2022-10-21T10:29:17.371+0800","msg":"request completed","path":"/user","request_id":"57010f7d-a501-4e58-99c2-2395438ece59","trace_id":"1af6ca3fae545142c4746f5860c95cc0","client_id":"","source_ip":"","latency":"2.698292ms","status":200,"size":519,"host_param":"08edce80e726"}
2022-10-21T02:30:15+00:00	file-myapp.log	{"lvl":"info","@timestamp":"2022-10-21T10:29:18.008+0800","msg":"request started","path":"/user","request_id":"2d43ce61-4e12-441b-bfdd-74394f0fb858","trace_id":"5690c0f20d06cfe67bf0cb8ff81edd47","client_id":"","source_ip":"","host_param":"08edce80e726"}
2022-10-21T02:30:15+00:00	file-myapp.log	{"lvl":"info","@timestamp":"2022-10-21T10:29:18.012+0800","msg":"request completed","path":"/user","request_id":"2d43ce61-4e12-441b-bfdd-74394f0fb858","trace_id":"5690c0f20d06cfe67bf0cb8ff81edd47","client_id":"","source_ip":"","latency":"4.181834ms","status":200,"size":519,"host_param":"08edce80e726"}
2022-10-21T02:30:15+00:00	file-myapp.log	{"lvl":"info","@timestamp":"2022-10-21T10:29:18.435+0800","msg":"request started","path":"/user","request_id":"9048c8a6-e367-485a-8d42-e157c86a8b1e","trace_id":"b09f4b497b81d53143ba4ad5548126a6","client_id":"","source_ip":"","host_param":"08edce80e726"}
2022-10-21T02:30:15+00:00	file-myapp.log	{"lvl":"info","@timestamp":"2022-10-21T10:29:18.439+0800","msg":"request completed","path":"/user","request_id":"9048c8a6-e367-485a-8d42-e157c86a8b1e","trace_id":"b09f4b497b81d53143ba4ad5548126a6","client_id":"","source_ip":"","latency":"4.233542ms","status":200,"size":519,"host_param":"08edce80e726"}
2022-10-21T02:30:15+00:00	file-myapp.log	{"lvl":"info","@timestamp":"2022-10-21T10:29:34.536+0800","msg":"request started","path":"/user","request_id":"b4491a37-9d8e-457b-8908-7deee3d68b43","trace_id":"df19244bf7f13af021e3a19bafd85e2c","client_id":"","source_ip":"","host_param":"08edce80e726"}
2022-10-21T02:30:15+00:00	file-myapp.log	{"lvl":"info","@timestamp":"2022-10-21T10:29:34.539+0800","msg":"request completed","path":"/user","request_id":"b4491a37-9d8e-457b-8908-7deee3d68b43","trace_id":"df19244bf7f13af021e3a19bafd85e2c","client_id":"","source_ip":"","latency":"2.813791ms","status":200,"size":519,"host_param":"08edce80e726"}
2022-10-21T02:30:15+00:00	file-myapp.log	{"lvl":"info","@timestamp":"2022-10-21T10:29:34.910+0800","msg":"request started","path":"/user","request_id":"d22995ad-a0ed-46c4-adab-59d433ea6b15","trace_id":"5a838457bdda13f7eebf0b205355ade4","client_id":"","source_ip":"","host_param":"08edce80e726"}
2022-10-21T02:30:15+00:00	file-myapp.log	{"lvl":"info","@timestamp":"2022-10-21T10:29:34.913+0800","msg":"request completed","path":"/user","request_id":"d22995ad-a0ed-46c4-adab-59d433ea6b15","trace_id":"5a838457bdda13f7eebf0b205355ade4","client_id":"","source_ip":"","latency":"2.623125ms","status":200,"size":519,"host_param":"08edce80e726"}
2022-10-21T02:37:17+00:00	file-myapp.log	{"lvl":"info","@timestamp":"2022-10-21T10:30:49.232+0800","msg":"request started","path":"/user","request_id":"83ad412e-4b25-49ba-8b6f-d4b99f38b088","trace_id":"8b651b5f9b6b76411d0d5d112200c63c","client_id":"","source_ip":""}
2022-10-21T02:37:17+00:00	file-myapp.log	{"lvl":"info","@timestamp":"2022-10-21T10:30:49.239+0800","msg":"request completed","path":"/user","request_id":"83ad412e-4b25-49ba-8b6f-d4b99f38b088","trace_id":"8b651b5f9b6b76411d0d5d112200c63c","client_id":"","source_ip":"","latency":"6.948417ms","status":200,"size":519}
2022-10-21T02:37:17+00:00	file-myapp.log	{"lvl":"info","@timestamp":"2022-10-21T10:30:49.623+0800","msg":"request started","path":"/user","request_id":"a6833761-62dc-4795-91ab-60c92d140f26","trace_id":"99578e973290e0fb97d35cb99e36159f","client_id":"","source_ip":""}
2022-10-21T02:37:17+00:00	file-myapp.log	{"lvl":"info","@timestamp":"2022-10-21T10:30:49.625+0800","msg":"request completed","path":"/user","request_id":"a6833761-62dc-4795-91ab-60c92d140f26","trace_id":"99578e973290e0fb97d35cb99e36159f","client_id":"","source_ip":"","latency":"2.465166ms","status":200,"size":519}
2022-10-21T02:37:17+00:00	file-myapp.log	{"lvl":"info","@timestamp":"2022-10-21T10:30:50.030+0800","msg":"request started","path":"/user","request_id":"ff7e814b-798c-4b4b-9bec-714e638e21b6","trace_id":"8cf71748c723482c615823192c2f375f","client_id":"","source_ip":""}
2022-10-21T02:37:17+00:00	file-myapp.log	{"lvl":"info","@timestamp":"2022-10-21T10:30:50.032+0800","msg":"request completed","path":"/user","request_id":"ff7e814b-798c-4b4b-9bec-714e638e21b6","trace_id":"8cf71748c723482c615823192c2f375f","client_id":"","source_ip":"","latency":"2.186167ms","status":200,"size":519}
2022-10-21T02:37:17+00:00	file-myapp.log	{"lvl":"info","@timestamp":"2022-10-21T10:30:50.438+0800","msg":"request started","path":"/user","request_id":"3c1d5de5-0588-48e2-9b7d-18eb98339116","trace_id":"dd873dce78b6f5388f9fade0b628b971","client_id":"","source_ip":""}
2022-10-21T02:37:17+00:00	file-myapp.log	{"lvl":"info","@timestamp":"2022-10-21T10:30:50.443+0800","msg":"request completed","path":"/user","request_id":"3c1d5de5-0588-48e2-9b7d-18eb98339116","trace_id":"dd873dce78b6f5388f9fade0b628b971","client_id":"","source_ip":"","latency":"4.401458ms","status":200,"size":519}
2022-10-21T02:37:17+00:00	file-myapp.log	{"lvl":"info","@timestamp":"2022-10-21T10:37:17.486+0800","msg":"shutting down server","signal":"interrupt"}
2022-10-21T02:37:17+00:00	file-myapp.log	{"lvl":"info","@timestamp":"2022-10-21T10:37:17.487+0800","msg":"completing background tasks"}
2022-10-21T02:37:17+00:00	file-myapp.log	{"lvl":"info","@timestamp":"2022-10-21T10:37:17.488+0800","msg":"stopped server","addr":":8081"}
2022-10-21T02:37:26+00:00	file-myapp.log	{"lvl":"info","@timestamp":"2022-10-21T10:37:17.488+0800","msg":"stopped server","addr":":8081"}
2022-10-21T02:37:26+00:00	file-myapp.log	{"lvl":"info","@timestamp":"2022-10-21T10:37:17.488+0800","msg":"stopped server","addr":":8081"}
2022-10-21T02:37:26+00:00	file-myapp.log	{"lvl":"info","@timestamp":"2022-10-21T10:37:17.488+0800","msg":"stopped server","addr":":8081"}
2022-10-21T02:37:37+00:00	file-myapp.log	{"lvl":"info","@timestamp":"2022-10-21T10:37:17.488+0800","msg":"stopped server","addr":":8081"}
2022-10-21T02:37:37+00:00	file-myapp.log	{"lvl":"info","@timestamp":"2022-10-21T10:37:17.488+0800","msg":"stopped server","addr":":8081"}
2022-10-21T02:37:54+00:00	file-myapp.log	{"lvl":"info","@timestamp":"2022-10-21T10:37:17.488+0800","msg":"stopped server","addr":":8081"}
2022-10-21T02:37:54+00:00	file-myapp.log	{"lvl":"info","@timestamp":"2022-10-21T10:37:17.488+0800","msg":"stopped server","addr":":8081"}
2022-10-21T02:37:54+00:00	file-myapp.log	{"lvl":"info","@timestamp":"2022-10-21T10:37:17.488+0800","msg":"stopped server","addr":":8081"}
2022-10-21T02:37:54+00:00	file-myapp.log	{"lvl":"info","@timestamp":"2022-10-21T10:37:17.488+0800","msg":"stopped server","addr":":8081"}
2022-10-21T02:37:54+00:00	file-myapp.log	{"lvl":"info","@timestamp":"2022-10-21T10:37:17.488+0800","msg":"stopped server","addr":":8081"}
2022-10-21T02:38:14+00:00	file-myapp.log	{"lvl":"info","@timestamp":"2022-10-21T10:37:17.488+0800","msg":"stopped server","addr":":8081"}
2022-10-21T02:38:14+00:00	file-myapp.log	{"lvl":"info","@timestamp":"2022-10-21T10:37:17.488+0800","msg":"stopped server","addr":":8081"}
2022-10-21T02:38:14+00:00	file-myapp.log	{"lvl":"info","@timestamp":"2022-10-21T10:37:17.488+0800","msg":"stopped server","addr":":8081"}
2022-10-21T02:38:14+00:00	file-myapp.log	{"lvl":"info","@timestamp":"2022-10-21T10:37:17.488+0800","msg":"stopped server","addr":":8081"}
2022-10-21T02:38:14+00:00	file-myapp.log	{"lvl":"info","@timestamp":"2022-10-21T10:37:17.488+0800","msg":"stopped server","addr":":8081"}
2022-10-21T02:38:14+00:00	file-myapp.log	{"lvl":"info","@timestamp":"2022-10-21T10:37:17.488+0800","msg":"stopped server","addr":":8081"}
2022-10-21T02:41:27+00:00	file-myapp.log	{"lvl":"info","@timestamp":"2022-10-21T10:41:02.201+0800","msg":"starting server","addr":":8081","env":"dev"}
2022-10-21T02:41:27+00:00	file-myapp.log	{"lvl":"info","@timestamp":"2022-10-21T10:41:13.856+0800","msg":"request started","path":"/user","request_id":"867bc6f4-a44b-40ac-89cc-0ec609485b15","trace_id":"f16efa89041af4bcd72a980d86fffce2","client_id":"","source_ip":""}
2022-10-21T02:41:27+00:00	file-myapp.log	{"lvl":"info","@timestamp":"2022-10-21T10:41:13.874+0800","msg":"request completed","path":"/user","request_id":"867bc6f4-a44b-40ac-89cc-0ec609485b15","trace_id":"f16efa89041af4bcd72a980d86fffce2","client_id":"","source_ip":"","latency":"18.445917ms","status":200,"size":519}
2022-10-21T02:41:27+00:00	file-myapp.log	{"lvl":"info","@timestamp":"2022-10-21T10:41:14.294+0800","msg":"request started","path":"/user","request_id":"661070fe-1c19-4a53-a785-14d10e9d967c","trace_id":"3ad1aef4994a151a0b3c48d155a7462d","client_id":"","source_ip":""}
2022-10-21T02:41:27+00:00	file-myapp.log	{"lvl":"info","@timestamp":"2022-10-21T10:41:14.297+0800","msg":"request completed","path":"/user","request_id":"661070fe-1c19-4a53-a785-14d10e9d967c","trace_id":"3ad1aef4994a151a0b3c48d155a7462d","client_id":"","source_ip":"","latency":"2.80175ms","status":200,"size":519}
2022-10-21T02:41:27+00:00	file-myapp.log	{"lvl":"info","@timestamp":"2022-10-21T10:41:14.696+0800","msg":"request started","path":"/user","request_id":"c1367962-0915-49b5-a503-58fadd902352","trace_id":"607090b6464e8598ebf666d899601082","client_id":"","source_ip":""}
2022-10-21T02:41:27+00:00	file-myapp.log	{"lvl":"info","@timestamp":"2022-10-21T10:41:14.699+0800","msg":"request completed","path":"/user","request_id":"c1367962-0915-49b5-a503-58fadd902352","trace_id":"607090b6464e8598ebf666d899601082","client_id":"","source_ip":"","latency":"2.495375ms","status":200,"size":519}
2022-10-21T02:41:27+00:00	file-myapp.log	{"lvl":"info","@timestamp":"2022-10-21T10:41:15.030+0800","msg":"request started","path":"/user","request_id":"bd06041e-96ae-4ca5-8a7e-118c35a5448c","trace_id":"73d3433efd66b31b335524e8e1975a60","client_id":"","source_ip":""}
2022-10-21T02:41:27+00:00	file-myapp.log	{"lvl":"info","@timestamp":"2022-10-21T10:41:15.035+0800","msg":"request completed","path":"/user","request_id":"bd06041e-96ae-4ca5-8a7e-118c35a5448c","trace_id":"73d3433efd66b31b335524e8e1975a60","client_id":"","source_ip":"","latency":"4.163834ms","status":200,"size":519}
2022-10-21T02:41:27+00:00	file-myapp.log	{"lvl":"info","@timestamp":"2022-10-21T10:41:15.330+0800","msg":"request started","path":"/user","request_id":"d9a50665-fbf8-4ce3-a7c9-7dbe8665ede0","trace_id":"ef4b43713f772e0d8b35ea5fc493277c","client_id":"","source_ip":""}
2022-10-21T02:41:27+00:00	file-myapp.log	{"lvl":"info","@timestamp":"2022-10-21T10:41:15.333+0800","msg":"request completed","path":"/user","request_id":"d9a50665-fbf8-4ce3-a7c9-7dbe8665ede0","trace_id":"ef4b43713f772e0d8b35ea5fc493277c","client_id":"","source_ip":"","latency":"2.638125ms","status":200,"size":519}
2022-10-21T02:41:27+00:00	file-myapp.log	{"lvl":"info","@timestamp":"2022-10-21T10:41:15.673+0800","msg":"request started","path":"/user","request_id":"5301aa70-f09d-4840-a7f2-0db8adae1755","trace_id":"2001bd27ff90dc30f75190ec573f6f13","client_id":"","source_ip":""}
2022-10-21T02:41:27+00:00	file-myapp.log	{"lvl":"info","@timestamp":"2022-10-21T10:41:15.675+0800","msg":"request completed","path":"/user","request_id":"5301aa70-f09d-4840-a7f2-0db8adae1755","trace_id":"2001bd27ff90dc30f75190ec573f6f13","client_id":"","source_ip":"","latency":"1.712208ms","status":200,"size":519}
2022-10-21T02:41:27+00:00	file-myapp.log	{"lvl":"info","@timestamp":"2022-10-21T10:41:15.988+0800","msg":"request started","path":"/user","request_id":"ad936178-79d0-4bd7-9e4c-3f8d333e6dcb","trace_id":"2a9e8989304cd6b1d45876ceeb8cab48","client_id":"","source_ip":""}
2022-10-21T02:41:27+00:00	file-myapp.log	{"lvl":"info","@timestamp":"2022-10-21T10:41:15.990+0800","msg":"request completed","path":"/user","request_id":"ad936178-79d0-4bd7-9e4c-3f8d333e6dcb","trace_id":"2a9e8989304cd6b1d45876ceeb8cab48","client_id":"","source_ip":"","latency":"2.648ms","status":200,"size":519}
2022-10-21T02:41:27+00:00	file-myapp.log	{"lvl":"info","@timestamp":"2022-10-21T10:41:16.341+0800","msg":"request started","path":"/user","request_id":"86a2b58c-8fe3-4a60-8a72-d4289ac7d269","trace_id":"11821b61257748854e02203d9e94639b","client_id":"","source_ip":""}
2022-10-21T02:41:27+00:00	file-myapp.log	{"lvl":"info","@timestamp":"2022-10-21T10:41:16.345+0800","msg":"request completed","path":"/user","request_id":"86a2b58c-8fe3-4a60-8a72-d4289ac7d269","trace_id":"11821b61257748854e02203d9e94639b","client_id":"","source_ip":"","latency":"3.679125ms","status":200,"size":519}
2022-10-21T02:41:27+00:00	file-myapp.log	{"lvl":"info","@timestamp":"2022-10-21T10:41:26.545+0800","msg":"shutting down server","signal":"interrupt"}
2022-10-21T02:41:27+00:00	file-myapp.log	{"lvl":"info","@timestamp":"2022-10-21T10:41:26.547+0800","msg":"completing background tasks"}
2022-10-21T02:41:27+00:00	file-myapp.log	{"lvl":"info","@timestamp":"2022-10-21T10:41:26.547+0800","msg":"stopped server","addr":":8081"}
2022-10-21T02:45:42+00:00	file-myapp.log	{"lvl":"info","@timestamp":"2022-10-21T10:41:55.574+0800","msg":"starting server","addr":":8081","env":"dev"}
2022-10-21T02:45:42+00:00	file-myapp.log	{"lvl":"info","@timestamp":"2022-10-21T10:42:11.242+0800","msg":"request started","path":"/user","request_id":"646ce0b9-ade1-4b1a-9bf3-ad9b2ddb6f72","trace_id":"08a86c240d139b8d17936f7ae3e05854","client_id":"","source_ip":""}
2022-10-21T02:45:42+00:00	file-myapp.log	{"lvl":"info","@timestamp":"2022-10-21T10:42:11.260+0800","msg":"request completed","path":"/user","request_id":"646ce0b9-ade1-4b1a-9bf3-ad9b2ddb6f72","trace_id":"08a86c240d139b8d17936f7ae3e05854","client_id":"","source_ip":"","latency":"18.481292ms","status":200,"size":519}
2022-10-21T02:45:42+00:00	file-myapp.log	{"lvl":"info","@timestamp":"2022-10-21T10:42:11.620+0800","msg":"request started","path":"/user","request_id":"fd6748fb-2bd9-4160-ae85-5c7773c68b09","trace_id":"613bb633b56213f810884fa7add9a2b9","client_id":"","source_ip":""}
2022-10-21T02:45:42+00:00	file-myapp.log	{"lvl":"info","@timestamp":"2022-10-21T10:42:11.623+0800","msg":"request completed","path":"/user","request_id":"fd6748fb-2bd9-4160-ae85-5c7773c68b09","trace_id":"613bb633b56213f810884fa7add9a2b9","client_id":"","source_ip":"","latency":"3.061083ms","status":200,"size":519}
2022-10-21T02:45:42+00:00	file-myapp.log	{"lvl":"info","@timestamp":"2022-10-21T10:42:12.071+0800","msg":"request started","path":"/user","request_id":"1878a793-4000-438d-b49f-b0e7dcda09ca","trace_id":"50a198a6e5080540c682fa55bbf29bbb","client_id":"","source_ip":""}
2022-10-21T02:45:42+00:00	file-myapp.log	{"lvl":"info","@timestamp":"2022-10-21T10:42:12.074+0800","msg":"request completed","path":"/user","request_id":"1878a793-4000-438d-b49f-b0e7dcda09ca","trace_id":"50a198a6e5080540c682fa55bbf29bbb","client_id":"","source_ip":"","latency":"3.921125ms","status":200,"size":519}
2022-10-21T02:45:42+00:00	file-myapp.log	{"lvl":"info","@timestamp":"2022-10-21T10:42:12.459+0800","msg":"request started","path":"/user","request_id":"1d5c3dc3-1aa7-44db-8618-f71a7391db38","trace_id":"ac3b0a9aa26b059646961844348331eb","client_id":"","source_ip":""}
2022-10-21T02:45:42+00:00	file-myapp.log	{"lvl":"info","@timestamp":"2022-10-21T10:42:12.463+0800","msg":"request completed","path":"/user","request_id":"1d5c3dc3-1aa7-44db-8618-f71a7391db38","trace_id":"ac3b0a9aa26b059646961844348331eb","client_id":"","source_ip":"","latency":"4.11425ms","status":200,"size":519}
2022-10-21T02:45:42+00:00	file-myapp.log	{"lvl":"info","@timestamp":"2022-10-21T10:45:42.111+0800","msg":"shutting down server","signal":"interrupt"}
2022-10-21T02:45:42+00:00	file-myapp.log	{"lvl":"info","@timestamp":"2022-10-21T10:45:42.113+0800","msg":"completing background tasks"}
2022-10-21T02:45:42+00:00	file-myapp.log	{"lvl":"info","@timestamp":"2022-10-21T10:45:42.113+0800","msg":"stopped server","addr":":8081"}
2022-10-21T02:58:24+00:00	file-myapp.log	{"lvl":"info","@timestamp":"2022-10-21T10:57:38.848+0800","msg":"starting server","addr":":8081","env":"dev"}
2022-10-21T02:58:24+00:00	file-myapp.log	{"lvl":"info","@timestamp":"2022-10-21T10:57:53.778+0800","msg":"request started","path":"/user","request_id":"433a513b-c0bb-4144-9274-b85a693aa28f","trace_id":"9d6c967dccf25c3bb8ebc99e76e3f190","client_id":"","source_ip":""}
2022-10-21T02:58:24+00:00	file-myapp.log	{"lvl":"info","@timestamp":"2022-10-21T10:57:53.817+0800","msg":"request completed","path":"/user","request_id":"433a513b-c0bb-4144-9274-b85a693aa28f","trace_id":"9d6c967dccf25c3bb8ebc99e76e3f190","client_id":"","source_ip":"","latency":"38.304958ms","status":200,"size":519}
2022-10-21T02:58:24+00:00	file-myapp.log	{"lvl":"info","@timestamp":"2022-10-21T10:57:54.224+0800","msg":"request started","path":"/user","request_id":"1c719f1a-ed1c-4c92-bd12-4fa733908c51","trace_id":"9bc08d7df12760cba22e48752a8f6255","client_id":"","source_ip":""}
2022-10-21T02:58:24+00:00	file-myapp.log	{"lvl":"info","@timestamp":"2022-10-21T10:57:54.247+0800","msg":"request completed","path":"/user","request_id":"1c719f1a-ed1c-4c92-bd12-4fa733908c51","trace_id":"9bc08d7df12760cba22e48752a8f6255","client_id":"","source_ip":"","latency":"22.55225ms","status":200,"size":519}
2022-10-21T02:58:24+00:00	file-myapp.log	{"lvl":"info","@timestamp":"2022-10-21T10:57:54.633+0800","msg":"request started","path":"/user","request_id":"d9634d19-078d-4488-8bb6-9f2a2b135ceb","trace_id":"711e36160c816fb048b3b00e19db06d8","client_id":"","source_ip":""}
2022-10-21T02:58:24+00:00	file-myapp.log	{"lvl":"info","@timestamp":"2022-10-21T10:57:54.653+0800","msg":"request completed","path":"/user","request_id":"d9634d19-078d-4488-8bb6-9f2a2b135ceb","trace_id":"711e36160c816fb048b3b00e19db06d8","client_id":"","source_ip":"","latency":"20.56075ms","status":200,"size":519}
2022-10-21T02:58:24+00:00	file-myapp.log	{"lvl":"info","@timestamp":"2022-10-21T10:57:55.052+0800","msg":"request started","path":"/user","request_id":"c821ecf2-2046-4775-aad2-c2ae4b46ebaa","trace_id":"3f45c99097ca677edbf1c3706e6331b5","client_id":"","source_ip":""}
2022-10-21T02:58:24+00:00	file-myapp.log	{"lvl":"info","@timestamp":"2022-10-21T10:57:55.072+0800","msg":"request completed","path":"/user","request_id":"c821ecf2-2046-4775-aad2-c2ae4b46ebaa","trace_id":"3f45c99097ca677edbf1c3706e6331b5","client_id":"","source_ip":"","latency":"20.730291ms","status":200,"size":519}
2022-10-21T02:58:24+00:00	file-myapp.log	{"lvl":"info","@timestamp":"2022-10-21T10:57:55.487+0800","msg":"request started","path":"/user","request_id":"3f8921c3-227d-439d-ab15-8d821d1379a3","trace_id":"43e7ed7067fa61aa982f4ba7a338fc31","client_id":"","source_ip":""}
2022-10-21T02:58:24+00:00	file-myapp.log	{"lvl":"info","@timestamp":"2022-10-21T10:57:55.510+0800","msg":"request completed","path":"/user","request_id":"3f8921c3-227d-439d-ab15-8d821d1379a3","trace_id":"43e7ed7067fa61aa982f4ba7a338fc31","client_id":"","source_ip":"","latency":"23.685333ms","status":200,"size":519}
2022-10-21T02:58:24+00:00	file-myapp.log	{"lvl":"info","@timestamp":"2022-10-21T10:58:02.592+0800","msg":"request started","path":"/user","request_id":"9951c981-dbd2-4f1a-8b53-17ac677f11e3","trace_id":"4da3187d5c1ca13a08148af8589d3149","client_id":"","source_ip":""}
2022-10-21T02:58:24+00:00	file-myapp.log	{"lvl":"info","@timestamp":"2022-10-21T10:58:02.616+0800","msg":"request completed","path":"/user","request_id":"9951c981-dbd2-4f1a-8b53-17ac677f11e3","trace_id":"4da3187d5c1ca13a08148af8589d3149","client_id":"","source_ip":"","latency":"23.496833ms","status":200,"size":519}
2022-10-21T02:58:24+00:00	file-myapp.log	{"lvl":"info","@timestamp":"2022-10-21T10:58:02.991+0800","msg":"request started","path":"/user","request_id":"acba71a7-1cde-47f4-96c4-83136262643d","trace_id":"5cad92fcfaa608f7b9733843a7b30e2e","client_id":"","source_ip":""}
2022-10-21T02:58:24+00:00	file-myapp.log	{"lvl":"info","@timestamp":"2022-10-21T10:58:03.013+0800","msg":"request completed","path":"/user","request_id":"acba71a7-1cde-47f4-96c4-83136262643d","trace_id":"5cad92fcfaa608f7b9733843a7b30e2e","client_id":"","source_ip":"","latency":"21.87625ms","status":200,"size":519}
2022-10-21T02:58:24+00:00	file-myapp.log	{"lvl":"info","@timestamp":"2022-10-21T10:58:03.428+0800","msg":"request started","path":"/user","request_id":"6e945266-92f6-421e-9acc-8b2a4a275c02","trace_id":"fca2fabb6af739679188076e0c724156","client_id":"","source_ip":""}
2022-10-21T02:58:24+00:00	file-myapp.log	{"lvl":"info","@timestamp":"2022-10-21T10:58:03.449+0800","msg":"request completed","path":"/user","request_id":"6e945266-92f6-421e-9acc-8b2a4a275c02","trace_id":"fca2fabb6af739679188076e0c724156","client_id":"","source_ip":"","latency":"21.407375ms","status":200,"size":519}
2022-10-21T02:58:24+00:00	file-myapp.log	{"lvl":"info","@timestamp":"2022-10-21T10:58:03.900+0800","msg":"request started","path":"/user","request_id":"9d6d55a8-5dad-4c53-ad4b-7db0754331c0","trace_id":"573b6d4348e420a593950b976b0f98b0","client_id":"","source_ip":""}
2022-10-21T02:58:24+00:00	file-myapp.log	{"lvl":"info","@timestamp":"2022-10-21T10:58:03.922+0800","msg":"request completed","path":"/user","request_id":"9d6d55a8-5dad-4c53-ad4b-7db0754331c0","trace_id":"573b6d4348e420a593950b976b0f98b0","client_id":"","source_ip":"","latency":"22.488334ms","status":200,"size":519}
2022-10-21T02:58:24+00:00	file-myapp.log	{"lvl":"info","@timestamp":"2022-10-21T10:58:23.259+0800","msg":"shutting down server","signal":"interrupt"}
2022-10-21T02:58:24+00:00	file-myapp.log	{"lvl":"info","@timestamp":"2022-10-21T10:58:23.277+0800","msg":"completing background tasks"}
2022-10-21T02:58:24+00:00	file-myapp.log	{"lvl":"info","@timestamp":"2022-10-21T10:58:23.295+0800","msg":"stopped server","addr":":8081"}
